<?xml version="1.0" encoding="UTF-8"?>
<testsuite name="com.bestbuy.testsuits.ProductDataDrivenTest" time="0.848" tests="25" errors="0" skipped="0" failures="0">
  <properties>
    <property name="idea.version" value="2021.3.2"/>
    <property name="java.runtime.name" value="Java(TM) SE Runtime Environment"/>
    <property name="sun.boot.library.path" value="C:\Program Files\Java\jdk1.8.0_121\jre\bin"/>
    <property name="java.vm.version" value="25.121-b13"/>
    <property name="java.vm.vendor" value="Oracle Corporation"/>
    <property name="maven.multiModuleProjectDirectory" value="C:\Users\hvtha\bestbuy-serenityBDD-proj1-siddhi"/>
    <property name="java.vendor.url" value="http://java.oracle.com/"/>
    <property name="path.separator" value=";"/>
    <property name="guice.disable.misplaced.annotation.check" value="true"/>
    <property name="java.vm.name" value="Java HotSpot(TM) 64-Bit Server VM"/>
    <property name="file.encoding.pkg" value="sun.io"/>
    <property name="user.script" value=""/>
    <property name="user.country" value="GB"/>
    <property name="sun.java.launcher" value="SUN_STANDARD"/>
    <property name="sun.os.patch.level" value=""/>
    <property name="java.vm.specification.name" value="Java Virtual Machine Specification"/>
    <property name="user.dir" value="C:\Users\hvtha\bestbuy-serenityBDD-proj1-siddhi"/>
    <property name="java.runtime.version" value="1.8.0_121-b13"/>
    <property name="java.awt.graphicsenv" value="sun.awt.Win32GraphicsEnvironment"/>
    <property name="java.endorsed.dirs" value="C:\Program Files\Java\jdk1.8.0_121\jre\lib\endorsed"/>
    <property name="os.arch" value="amd64"/>
    <property name="java.io.tmpdir" value="C:\Users\hvtha\AppData\Local\Temp\"/>
    <property name="line.separator" value="&#10;"/>
    <property name="java.vm.specification.vendor" value="Oracle Corporation"/>
    <property name="user.variant" value=""/>
    <property name="os.name" value="Windows 10"/>
    <property name="maven.ext.class.path" value="C:\Program Files\JetBrains\IntelliJ IDEA Community Edition 2021.3.2\plugins\maven\lib\maven-event-listener.jar"/>
    <property name="classworlds.conf" value="C:\Program Files\JetBrains\IntelliJ IDEA Community Edition 2021.3.2\plugins\maven\lib\maven3\bin\m2.conf"/>
    <property name="sun.jnu.encoding" value="Cp1252"/>
    <property name="java.library.path" value="C:\Program Files\Java\jdk1.8.0_121\bin;C:\WINDOWS\Sun\Java\bin;C:\WINDOWS\system32;C:\WINDOWS;C:\ProgramData\Oracle\Java\javapath;C:\WINDOWS\system32;C:\WINDOWS;C:\WINDOWS\System32\Wbem;C:\WINDOWS\System32\WindowsPowerShell\v1.0\;C:\WINDOWS\System32\OpenSSH\;C:\ProgramFiles\Java\jdk1.8.0_121\bin;C:\Program Files\Git\cmd;C:\Program Files\Apache\apache-maven-3.8.5\bin;C:\Program Files\nodejs\;C:\Users\hvtha\AppData\Local\Microsoft\WindowsApps;C:\Users\hvtha\AppData\Roaming\npm;."/>
    <property name="maven.conf" value="C:\Program Files\JetBrains\IntelliJ IDEA Community Edition 2021.3.2\plugins\maven\lib\maven3/conf"/>
    <property name="java.specification.name" value="Java Platform API Specification"/>
    <property name="java.class.version" value="52.0"/>
    <property name="sun.management.compiler" value="HotSpot 64-Bit Tiered Compilers"/>
    <property name="os.version" value="10.0"/>
    <property name="user.home" value="C:\Users\hvtha"/>
    <property name="user.timezone" value="Europe/London"/>
    <property name="java.awt.printerjob" value="sun.awt.windows.WPrinterJob"/>
    <property name="java.specification.version" value="1.8"/>
    <property name="file.encoding" value="UTF-8"/>
    <property name="user.name" value="hvtha"/>
    <property name="java.class.path" value="C:\Program Files\JetBrains\IntelliJ IDEA Community Edition 2021.3.2\plugins\maven\lib\maven3\boot\plexus-classworlds-2.6.0.jar;C:\Program Files\JetBrains\IntelliJ IDEA Community Edition 2021.3.2\plugins\maven\lib\maven3\boot\plexus-classworlds.license;C:\Program Files\JetBrains\IntelliJ IDEA Community Edition 2021.3.2\lib\idea_rt.jar"/>
    <property name="java.vm.specification.version" value="1.8"/>
    <property name="sun.arch.data.model" value="64"/>
    <property name="java.home" value="C:\Program Files\Java\jdk1.8.0_121\jre"/>
    <property name="sun.java.command" value="org.codehaus.classworlds.Launcher -Didea.version=2021.3.2 clean verify serenity:aggregate"/>
    <property name="java.specification.vendor" value="Oracle Corporation"/>
    <property name="user.language" value="en"/>
    <property name="awt.toolkit" value="sun.awt.windows.WToolkit"/>
    <property name="java.vm.info" value="mixed mode"/>
    <property name="java.version" value="1.8.0_121"/>
    <property name="java.ext.dirs" value="C:\Program Files\Java\jdk1.8.0_121\jre\lib\ext;C:\WINDOWS\Sun\Java\lib\ext"/>
    <property name="sun.boot.class.path" value="C:\Program Files\Java\jdk1.8.0_121\jre\lib\resources.jar;C:\Program Files\Java\jdk1.8.0_121\jre\lib\rt.jar;C:\Program Files\Java\jdk1.8.0_121\jre\lib\sunrsasign.jar;C:\Program Files\Java\jdk1.8.0_121\jre\lib\jsse.jar;C:\Program Files\Java\jdk1.8.0_121\jre\lib\jce.jar;C:\Program Files\Java\jdk1.8.0_121\jre\lib\charsets.jar;C:\Program Files\Java\jdk1.8.0_121\jre\lib\jfr.jar;C:\Program Files\Java\jdk1.8.0_121\jre\classes"/>
    <property name="java.vendor" value="Oracle Corporation"/>
    <property name="maven.home" value="C:\Program Files\JetBrains\IntelliJ IDEA Community Edition 2021.3.2\plugins\maven\lib\maven3"/>
    <property name="file.separator" value="\"/>
    <property name="java.vendor.url.bug" value="http://bugreport.sun.com/bugreport/"/>
    <property name="sun.cpu.endian" value="little"/>
    <property name="sun.io.unicode.encoding" value="UnicodeLittle"/>
    <property name="sun.desktop" value="windows"/>
    <property name="sun.cpu.isalist" value="amd64"/>
  </properties>
  <testcase name="createMultipleProducts[6]" classname="com.bestbuy.testsuits.ProductDataDrivenTest" time="0.074"/>
  <testcase name="createMultipleProducts[4]" classname="com.bestbuy.testsuits.ProductDataDrivenTest" time="0.032"/>
  <testcase name="createMultipleProducts[9]" classname="com.bestbuy.testsuits.ProductDataDrivenTest" time="0.001"/>
  <testcase name="createMultipleProducts[0]" classname="com.bestbuy.testsuits.ProductDataDrivenTest" time="0.002"/>
  <testcase name="createMultipleProducts[5]" classname="com.bestbuy.testsuits.ProductDataDrivenTest" time="0.007"/>
  <testcase name="createMultipleProducts[13]" classname="com.bestbuy.testsuits.ProductDataDrivenTest" time="0.024"/>
  <testcase name="createMultipleProducts[11]" classname="com.bestbuy.testsuits.ProductDataDrivenTest" time="0.007"/>
  <testcase name="createMultipleProducts[10]" classname="com.bestbuy.testsuits.ProductDataDrivenTest" time="0.026"/>
  <testcase name="createMultipleProducts[7]" classname="com.bestbuy.testsuits.ProductDataDrivenTest" time="0.001"/>
  <testcase name="createMultipleProducts[15]" classname="com.bestbuy.testsuits.ProductDataDrivenTest" time="0.008"/>
  <testcase name="createMultipleProducts[3]" classname="com.bestbuy.testsuits.ProductDataDrivenTest" time="0.019"/>
  <testcase name="createMultipleProducts[2]" classname="com.bestbuy.testsuits.ProductDataDrivenTest" time="0.022"/>
  <testcase name="createMultipleProducts[14]" classname="com.bestbuy.testsuits.ProductDataDrivenTest" time="0.024"/>
  <testcase name="createMultipleProducts[8]" classname="com.bestbuy.testsuits.ProductDataDrivenTest" time="0.03"/>
  <testcase name="createMultipleProducts[1]" classname="com.bestbuy.testsuits.ProductDataDrivenTest" time="0.033"/>
  <testcase name="createMultipleProducts[12]" classname="com.bestbuy.testsuits.ProductDataDrivenTest" time="0.037"/>
  <testcase name="createMultipleProducts[16]" classname="com.bestbuy.testsuits.ProductDataDrivenTest" time="0.041"/>
  <testcase name="createMultipleProducts[17]" classname="com.bestbuy.testsuits.ProductDataDrivenTest" time="0.046"/>
  <testcase name="createMultipleProducts[18]" classname="com.bestbuy.testsuits.ProductDataDrivenTest" time="0.048"/>
  <testcase name="createMultipleProducts[19]" classname="com.bestbuy.testsuits.ProductDataDrivenTest" time="0.052"/>
  <testcase name="createMultipleProducts[20]" classname="com.bestbuy.testsuits.ProductDataDrivenTest" time="0.055"/>
  <testcase name="createMultipleProducts[22]" classname="com.bestbuy.testsuits.ProductDataDrivenTest" time="0.061"/>
  <testcase name="createMultipleProducts[21]" classname="com.bestbuy.testsuits.ProductDataDrivenTest" time="0.064"/>
  <testcase name="createMultipleProducts[23]" classname="com.bestbuy.testsuits.ProductDataDrivenTest" time="0.066"/>
  <testcase name="createMultipleProducts[24]" classname="com.bestbuy.testsuits.ProductDataDrivenTest" time="0.068"/>
</testsuite>